<?xml version="1.0" encoding="UTF-8"?>
<testng-results skipped="0" failed="0" ignored="0" total="1" passed="1">
  <reporter-output>
  </reporter-output>
  <suite name="Default suite" duration-ms="105413" started-at="2020-12-23T08:33:05Z" finished-at="2020-12-23T08:34:51Z">
    <groups>
    </groups>
    <test name="Default test" duration-ms="105413" started-at="2020-12-23T08:33:05Z" finished-at="2020-12-23T08:34:51Z">
      <class name="com.staging.SampleMail.CreateVmailTest">
        <test-method status="PASS" signature="setup()[pri:0, instance:com.staging.SampleMail.CreateVmailTest@ae45eb6]" name="setup" is-config="true" duration-ms="11014" started-at="2020-12-23T08:33:05Z" finished-at="2020-12-23T08:33:16Z">
          <reporter-output>
          </reporter-output>
        </test-method> <!-- setup -->
        <test-method status="PASS" signature="createVmail()[pri:0, instance:com.staging.SampleMail.CreateVmailTest@ae45eb6]" name="createVmail" duration-ms="86881" started-at="2020-12-23T08:33:16Z" finished-at="2020-12-23T08:34:43Z">
          <reporter-output>
          </reporter-output>
        </test-method> <!-- createVmail -->
        <test-method status="PASS" signature="tearDown()[pri:0, instance:com.staging.SampleMail.CreateVmailTest@ae45eb6]" name="tearDown" is-config="true" duration-ms="7485" started-at="2020-12-23T08:34:43Z" finished-at="2020-12-23T08:34:51Z">
          <reporter-output>
          </reporter-output>
        </test-method> <!-- tearDown -->
      </class> <!-- com.staging.SampleMail.CreateVmailTest -->
    </test> <!-- Default test -->
  </suite> <!-- Default suite -->
</testng-results>
